<?xml version="1.0" encoding="UTF-8"?>
<!-- Generated by org.testng.reporters.JUnitReportReporter -->
<testsuite skipped="0" hostname="VIMAL" name="com.heartbingo.testsuite.LoginTest" tests="1" failures="0" timestamp="20 Jan 2022 13:34:43 GMT" time="6.577" errors="0">
  <testcase name="verifyUserShouldNotAbleToLoginWithInvalidUserName" time="6.577" classname="com.heartbingo.testsuite.LoginTest"/>
</testsuite> <!-- com.heartbingo.testsuite.LoginTest -->
