<?xml version="1.0" encoding="UTF-8"?>
<!-- Generated by org.testng.reporters.JUnitReportReporter -->
<testsuite skipped="0" hostname="VIMAL" name="com.heartbingo.testsuite.LoginTest" tests="1" failures="0" timestamp="21 Jan 2022 19:15:00 GMT" time="5.932" errors="0">
  <testcase name="verifyUserShouldNotAbleToLoginWithInvalidUserName" time="5.932" classname="com.heartbingo.testsuite.LoginTest"/>
</testsuite> <!-- com.heartbingo.testsuite.LoginTest -->
